Start Debug!
-->> "main" |
	-->> "rand_init" |
	<<-- "rand_init" | seed: 1534416525
	OrangeBot Projects

	test bool: false true true false false true true true true false true true true true false true true true true false false false true true true false true true false true true false true true true true false false false true true true false false true true false false false true true false true false false false true false false true true true true true true false true false false false true false true false false false false false true false false true false true true false true false false true false true false false true false false false false false 
	total: 100, true: 51, false: 49
	end test bool

	test double: 0.183 -0.276 -0.506 0.663 -0.254 -0.340 0.629 -0.016 0.950 0.500 0.876 0.551 0.487 0.697 0.308 0.863 -0.301 0.698 -0.852 0.549 -0.192 -0.482 -0.689 -0.009 0.287 -0.125 0.244 -0.949 -0.064 -0.799 -0.868 0.707 -0.767 0.857 0.531 0.401 -0.489 0.833 -0.515 0.941 -0.465 0.284 -0.804 -0.265 -0.969 -0.823 -0.690 0.192 -0.259 -0.606 -0.126 0.092 -0.450 0.581 -0.966 0.748 0.270 -0.935 -0.466 -0.242 0.620 -0.851 0.077 -0.830 0.981 -0.899 0.612 -0.127 -0.515 -0.852 -0.389 0.015 -0.006 -0.224 0.392 0.279 -0.466 -0.323 0.565 -0.189 -0.240 -0.381 -0.359 -0.377 -0.013 -0.420 0.888 -0.713 0.382 -0.549 0.488 -0.289 0.847 0.608 0.051 -0.153 0.186 0.683 -0.439 0.104 
	average: -34.69m
	end test double

	test float: -0.908 0.835 0.808 0.300 -0.462 -0.156 0.368 0.973 0.120 0.322 0.204 -0.168 -0.081 -0.621 0.930 0.201 0.447 -0.970 -0.169 -0.766 0.240 0.682 0.664 0.734 -0.349 0.985 -0.661 0.381 0.418 -0.611 0.515 0.182 -0.435 0.692 -0.811 -0.043 0.192 0.915 0.338 0.671 0.727 -0.202 0.666 -0.570 -0.805 0.243 -0.464 0.944 0.071 0.008 -0.867 -0.720 0.274 -0.035 0.935 0.713 -0.126 0.247 0.540 -0.522 0.061 0.570 -0.077 -0.740 -0.047 0.075 -0.818 0.206 0.792 0.979 0.831 0.291 -0.894 -0.647 0.708 0.841 -0.621 -0.657 0.563 -0.966 -0.188 0.152 0.377 -0.822 -0.272 0.074 -0.515 -0.407 0.174 0.922 0.565 0.904 0.311 -0.863 -0.451 0.549 -0.885 0.906 -0.475 -0.669 
	average: +68.05m
	end test float

	range threshold: 256
	test int small range: +62 -21 -55 -32 -85 -51 -5 +94 +74 +8 -49 +43 +52 -19 -13 +51 +15 -90 -44 +49 +38 -1 -97 -41 -23 +2 -66 +53 -58 +10 -82 -10 +16 +74 +23 -39 +95 -26 +83 +78 -24 -78 -53 -25 +87 -38 +6 -7 +42 +34 +43 +27 +64 +47 +26 +87 +97 +13 -58 -74 -17 +83 +61 +25 -66 -44 -13 +53 -24 +87 -61 -9 -35 -71 +32 -72 -79 +49 +99 -94 +29 +13 -74 +4 +58 +99 +16 -61 -68 +34 -62 -46 +4 -86 +34 -70 -72 +1 -3 +53 
	average: +0.000 
	end test int

	test int large range: +157 -196 +139 +109 -117 -117 +190 +140 +93 +173 -129 -97 -196 +177 +17 -142 +143 +10 +10 +93 -54 +44 -119 +56 +28 +159 +22 -110 -173 -148 -104 -68 -56 -123 +177 -47 -117 -130 +123 -110 +107 -177 +196 +29 +129 -122 +145 +17 +138 -113 +158 -150 -123 +20 +97 -196 -99 -129 +44 +80 +95 +118 -62 -90 +198 -173 -51 +106 +24 -175 +179 -10 +102 +37 +121 -110 +42 +32 +63 +158 +148 -156 +75 -142 -22 -68 -16 +113 +174 +139 -64 +47 +74 +121 +174 -94 -193 -109 +42 +104 
	average: +7.000 
	end test int

<<-- "main" |

Debug has Ended!
